D:\WINDOCS\UPENN\COURSES\CIS660\2012\MAYAPLUGINHW2\LSYSTEM.MLL
D:\WINDOCS\UPENN\COURSES\CIS660\2012\MAYAPLUGINHW2\RELEASE\CYLINDER.OBJ
D:\WINDOCS\UPENN\COURSES\CIS660\2012\MAYAPLUGINHW2\RELEASE\LSYSTEM.OBJ
D:\WINDOCS\UPENN\COURSES\CIS660\2012\MAYAPLUGINHW2\RELEASE\LSYSTEMCMD.OBJ
D:\WinDocs\UPenn\Courses\CIS660\2012\MayaPluginHw2\Release\MyPlugin.exp
D:\WinDocs\UPenn\Courses\CIS660\2012\MayaPluginHw2\Release\MyPlugin.lib
D:\WINDOCS\UPENN\COURSES\CIS660\2012\MAYAPLUGINHW2\RELEASE\MYPLUGIN.PDB
D:\WINDOCS\UPENN\COURSES\CIS660\2012\MAYAPLUGINHW2\RELEASE\PLUGINMAIN.OBJ
D:\WINDOCS\UPENN\COURSES\CIS660\2012\MAYAPLUGINHW2\RELEASE\VEC.OBJ
D:\WinDocs\UPenn\Courses\CIS660\2012\MayaPluginHw2\x64\Release\cl.command.1.tlog
D:\WinDocs\UPenn\Courses\CIS660\2012\MayaPluginHw2\x64\Release\CL.read.1.tlog
D:\WinDocs\UPenn\Courses\CIS660\2012\MayaPluginHw2\x64\Release\CL.write.1.tlog
D:\WinDocs\UPenn\Courses\CIS660\2012\MayaPluginHw2\x64\Release\link.command.1.tlog
D:\WinDocs\UPenn\Courses\CIS660\2012\MayaPluginHw2\x64\Release\link.read.1.tlog
D:\WinDocs\UPenn\Courses\CIS660\2012\MayaPluginHw2\x64\Release\link.write.1.tlog
D:\WINDOCS\UPENN\COURSES\CIS660\2012\MAYAPLUGINHW2\X64\RELEASE\LSYSTEMMAYA.DLL.INTERMEDIATE.MANIFEST
D:\WinDocs\UPenn\Courses\CIS660\2012\MayaPluginHw2\x64\Release\LSystemMaya.write.1.tlog
D:\WinDocs\UPenn\Courses\CIS660\2012\MayaPluginHw2\x64\Release\mt.command.1.tlog
D:\WinDocs\UPenn\Courses\CIS660\2012\MayaPluginHw2\x64\Release\mt.read.1.tlog
D:\WinDocs\UPenn\Courses\CIS660\2012\MayaPluginHw2\x64\Release\mt.write.1.tlog
