.\bin\LSystemd.ilk
D:\WinDocs\UPenn\Courses\CIS660\2012\MayaPluginHw2\.\bin\LSystemd.exe
D:\WINDOCS\UPENN\COURSES\CIS660\2012\MAYAPLUGINHW2\BIN\LSYSTEMD.EXE
D:\WINDOCS\UPENN\COURSES\CIS660\2012\MAYAPLUGINHW2\BIN\LSYSTEMD.ILK
D:\WINDOCS\UPENN\COURSES\CIS660\2012\MAYAPLUGINHW2\BIN\MYEXE.PDB
D:\WinDocs\UPenn\Courses\CIS660\2012\MayaPluginHw2\Debug\cl.command.1.tlog
D:\WinDocs\UPenn\Courses\CIS660\2012\MayaPluginHw2\Debug\CL.read.1.tlog
D:\WinDocs\UPenn\Courses\CIS660\2012\MayaPluginHw2\Debug\CL.write.1.tlog
D:\WinDocs\UPenn\Courses\CIS660\2012\MayaPluginHw2\Debug\link.5460.read.1.tlog
D:\WinDocs\UPenn\Courses\CIS660\2012\MayaPluginHw2\Debug\link.5460.write.1.tlog
D:\WinDocs\UPenn\Courses\CIS660\2012\MayaPluginHw2\Debug\link.5460-cvtres.read.1.tlog
D:\WinDocs\UPenn\Courses\CIS660\2012\MayaPluginHw2\Debug\link.5460-cvtres.write.1.tlog
D:\WinDocs\UPenn\Courses\CIS660\2012\MayaPluginHw2\Debug\link.command.1.tlog
D:\WinDocs\UPenn\Courses\CIS660\2012\MayaPluginHw2\Debug\link.read.1.tlog
D:\WinDocs\UPenn\Courses\CIS660\2012\MayaPluginHw2\Debug\link.write.1.tlog
D:\WinDocs\UPenn\Courses\CIS660\2012\MayaPluginHw2\Debug\link-cvtres.read.1.tlog
D:\WinDocs\UPenn\Courses\CIS660\2012\MayaPluginHw2\Debug\link-cvtres.write.1.tlog
D:\WINDOCS\UPENN\COURSES\CIS660\2012\MAYAPLUGINHW2\DEBUG\LSYSTEM.OBJ
D:\WINDOCS\UPENN\COURSES\CIS660\2012\MAYAPLUGINHW2\DEBUG\LSYSTEMD.EXE.EMBED.MANIFEST
D:\WINDOCS\UPENN\COURSES\CIS660\2012\MAYAPLUGINHW2\DEBUG\LSYSTEMD.EXE.EMBED.MANIFEST.RES
D:\WINDOCS\UPENN\COURSES\CIS660\2012\MAYAPLUGINHW2\DEBUG\LSYSTEMD.EXE.INTERMEDIATE.MANIFEST
D:\WinDocs\UPenn\Courses\CIS660\2012\MayaPluginHw2\Debug\LSystemd_manifest.rc
D:\WINDOCS\UPENN\COURSES\CIS660\2012\MAYAPLUGINHW2\DEBUG\MAIN.OBJ
D:\WinDocs\UPenn\Courses\CIS660\2012\MayaPluginHw2\Debug\mt.command.1.tlog
D:\WinDocs\UPenn\Courses\CIS660\2012\MayaPluginHw2\Debug\mt.read.1.tlog
D:\WinDocs\UPenn\Courses\CIS660\2012\MayaPluginHw2\Debug\mt.write.1.tlog
D:\WinDocs\UPenn\Courses\CIS660\2012\MayaPluginHw2\Debug\rc.command.1.tlog
D:\WinDocs\UPenn\Courses\CIS660\2012\MayaPluginHw2\Debug\rc.read.1.tlog
D:\WinDocs\UPenn\Courses\CIS660\2012\MayaPluginHw2\Debug\rc.write.1.tlog
D:\WINDOCS\UPENN\COURSES\CIS660\2012\MAYAPLUGINHW2\DEBUG\VEC.OBJ
