Build started 04-05-2015 08:10:24.
     1>Project "H:\Atomos_mymaya\Atomos_maya\MyExe.vcxproj" on node 2 (build target(s)).
     1>InitializeBuildStatus:
         Creating "Debug\LSystem.unsuccessfulbuild" because "AlwaysCreate" was specified.
       ClCompile:
         c:\Program Files (x86)\Microsoft Visual Studio 10.0\VC\bin\x86_amd64\CL.exe /c /I. /I"C:\Program Files\Autodesk\Maya2012\include" /Z7 /nologo /W3 /WX- /Od /D WIN32 /D _DEBUG /D _CONSOLE /D NT_APP /D REQUIRE_IOSTREAM /D _VC80_UPGRADE=0x0710 /D _MBCS /Gm- /EHsc /RTC1 /MDd /GS /fp:precise /Zc:wchar_t /Zc:forScope /Fo"Debug\\" /Fd"Debug\vc100.pdb" /Gd /TP /wd4290 /wd4267 /errorReport:prompt LSystem.cpp main.cpp vec.cpp
         LSystem.cpp
         main.cpp
         vec.cpp
         Generating Code...
       ManifestResourceCompile:
         C:\Program Files (x86)\Microsoft SDKs\Windows\v7.0A\bin\rc.exe /nologo /fo"Debug\LSystemd.exe.embed.manifest.res" Debug\LSystemd_manifest.rc 
       Link:
         c:\Program Files (x86)\Microsoft Visual Studio 10.0\VC\bin\x86_amd64\link.exe /ERRORREPORT:PROMPT /OUT:".\bin\LSystemd.exe" /INCREMENTAL /NOLOGO /LIBPATH:. /LIBPATH:"C:\Program Files\Autodesk\Maya2012\lib" odbc32.lib odbccp32.lib Foundation.lib OpenMaya.lib kernel32.lib user32.lib gdi32.lib winspool.lib comdlg32.lib advapi32.lib shell32.lib ole32.lib oleaut32.lib uuid.lib odbc32.lib odbccp32.lib /MANIFEST /ManifestFile:"Debug\LSystemd.exe.intermediate.manifest" /MANIFESTUAC:"level='asInvoker' uiAccess='false'" /DEBUG /PDB:".\bin\MyExe.pdb" /SUBSYSTEM:CONSOLE /TLBID:1 /DYNAMICBASE /NXCOMPAT /IMPLIB:".\bin\LSystemd.lib" /MACHINE:X64 Debug\LSystemd.exe.embed.manifest.res
         Debug\LSystem.obj
         Debug\main.obj
         Debug\vec.obj
         MyExe.vcxproj -> H:\Atomos_mymaya\Atomos_maya\.\bin\LSystemd.exe
       Manifest:
         C:\Program Files (x86)\Microsoft SDKs\Windows\v7.0A\bin\mt.exe /nologo /verbose /out:"Debug\LSystemd.exe.embed.manifest" /manifest Debug\LSystemd.exe.intermediate.manifest
         All outputs are up-to-date.
       LinkEmbedManifest:
         All outputs are up-to-date.
         MyExe.vcxproj -> H:\Atomos_mymaya\Atomos_maya\.\bin\LSystemd.exe
       FinalizeBuildStatus:
         Deleting file "Debug\LSystem.unsuccessfulbuild".
         Touching "Debug\LSystem.lastbuildstate".
     1>Done Building Project "H:\Atomos_mymaya\Atomos_maya\MyExe.vcxproj" (build target(s)).

Build succeeded.

Time Elapsed 00:00:21.49
