D:\WINDOCS\UPENN\COURSES\CIS660\2012\MAYAPLUGINHW2\.DEBUG\CYLINDER.OBJ
D:\WINDOCS\UPENN\COURSES\CIS660\2012\MAYAPLUGINHW2\.DEBUG\LSYSTEM.OBJ
D:\WINDOCS\UPENN\COURSES\CIS660\2012\MAYAPLUGINHW2\.DEBUG\LSYSTEMCMD.OBJ
D:\WINDOCS\UPENN\COURSES\CIS660\2012\MAYAPLUGINHW2\.DEBUG\PLUGINMAIN.OBJ
D:\WINDOCS\UPENN\COURSES\CIS660\2012\MAYAPLUGINHW2\.DEBUG\VEC.OBJ
D:\WinDocs\UPenn\Courses\CIS660\2012\MayaPluginHw2\Debug\MyPlugin.exp
D:\WinDocs\UPenn\Courses\CIS660\2012\MayaPluginHw2\Debug\MyPlugin.lib
D:\WINDOCS\UPENN\COURSES\CIS660\2012\MAYAPLUGINHW2\DEBUG\MYPLUGIN.PDB
D:\WINDOCS\UPENN\COURSES\CIS660\2012\MAYAPLUGINHW2\LSYSTEMD.ILK
D:\WINDOCS\UPENN\COURSES\CIS660\2012\MAYAPLUGINHW2\LSYSTEMD.MLL
D:\WinDocs\UPenn\Courses\CIS660\2012\MayaPluginHw2\x64\Debug\cl.command.1.tlog
D:\WinDocs\UPenn\Courses\CIS660\2012\MayaPluginHw2\x64\Debug\CL.read.1.tlog
D:\WinDocs\UPenn\Courses\CIS660\2012\MayaPluginHw2\x64\Debug\CL.write.1.tlog
D:\WinDocs\UPenn\Courses\CIS660\2012\MayaPluginHw2\x64\Debug\link.8296.read.1.tlog
D:\WinDocs\UPenn\Courses\CIS660\2012\MayaPluginHw2\x64\Debug\link.8296.write.1.tlog
D:\WinDocs\UPenn\Courses\CIS660\2012\MayaPluginHw2\x64\Debug\link.8296-cvtres.read.1.tlog
D:\WinDocs\UPenn\Courses\CIS660\2012\MayaPluginHw2\x64\Debug\link.8296-cvtres.write.1.tlog
D:\WinDocs\UPenn\Courses\CIS660\2012\MayaPluginHw2\x64\Debug\link.command.1.tlog
D:\WinDocs\UPenn\Courses\CIS660\2012\MayaPluginHw2\x64\Debug\link.read.1.tlog
D:\WinDocs\UPenn\Courses\CIS660\2012\MayaPluginHw2\x64\Debug\link.write.1.tlog
D:\WinDocs\UPenn\Courses\CIS660\2012\MayaPluginHw2\x64\Debug\link-cvtres.read.1.tlog
D:\WinDocs\UPenn\Courses\CIS660\2012\MayaPluginHw2\x64\Debug\link-cvtres.write.1.tlog
D:\WINDOCS\UPENN\COURSES\CIS660\2012\MAYAPLUGINHW2\X64\DEBUG\LSYSTEMMAYA.DLL.EMBED.MANIFEST
D:\WINDOCS\UPENN\COURSES\CIS660\2012\MAYAPLUGINHW2\X64\DEBUG\LSYSTEMMAYA.DLL.EMBED.MANIFEST.RES
D:\WINDOCS\UPENN\COURSES\CIS660\2012\MAYAPLUGINHW2\X64\DEBUG\LSYSTEMMAYA.DLL.INTERMEDIATE.MANIFEST
D:\WinDocs\UPenn\Courses\CIS660\2012\MayaPluginHw2\x64\Debug\LSystemMaya.write.1.tlog
D:\WinDocs\UPenn\Courses\CIS660\2012\MayaPluginHw2\x64\Debug\LSystemMaya_manifest.rc
D:\WinDocs\UPenn\Courses\CIS660\2012\MayaPluginHw2\x64\Debug\mt.command.1.tlog
D:\WinDocs\UPenn\Courses\CIS660\2012\MayaPluginHw2\x64\Debug\mt.read.1.tlog
D:\WinDocs\UPenn\Courses\CIS660\2012\MayaPluginHw2\x64\Debug\mt.write.1.tlog
D:\WinDocs\UPenn\Courses\CIS660\2012\MayaPluginHw2\x64\Debug\rc.command.1.tlog
D:\WinDocs\UPenn\Courses\CIS660\2012\MayaPluginHw2\x64\Debug\rc.read.1.tlog
D:\WinDocs\UPenn\Courses\CIS660\2012\MayaPluginHw2\x64\Debug\rc.write.1.tlog
