Build started 04-05-2015 08:10:24.
     1>Project "H:\Atomos_mymaya\Atomos_maya\MyPlugin.vcxproj" on node 3 (build target(s)).
     1>InitializeBuildStatus:
         Creating "x64\Debug\LSystemMaya.unsuccessfulbuild" because "AlwaysCreate" was specified.
       ClCompile:
         c:\Program Files (x86)\Microsoft Visual Studio 10.0\VC\bin\x86_amd64\CL.exe /c /I. /I"C:\Program Files\Autodesk\Maya2012\include" /Zi /nologo /W3 /WX- /Od /D _DEBUG /D WIN32 /D _WINDOWS /D NT_PLUGIN /D REQUIRE_IOSTREAM /D _VC80_UPGRADE=0x0710 /D _WINDLL /Gm- /EHa /MDd /GS /fp:precise /Zc:wchar_t /Zc:forScope /Fo".Debug/" /Fd".\Debug/MyPlugin.pdb" /Gd /TP /wd4244 /wd4305 /wd4018 /errorReport:prompt cylinder.cpp LSsystemNode.cpp LSystem.cpp LSystemCmd.cpp PluginMain.cpp vec.cpp /GR /GS /EHac 
         cylinder.cpp
         LSsystemNode.cpp
     1>LSsystemNode.cpp(168): warning C4267: 'initializing' : conversion from 'size_t' to 'int', possible loss of data
         LSystem.cpp
     1>LSystem.cpp(52): warning C4267: 'initializing' : conversion from 'size_t' to 'unsigned int', possible loss of data
         LSystemCmd.cpp
         PluginMain.cpp
         vec.cpp
         Generating Code...
       ManifestResourceCompile:
         C:\Program Files (x86)\Microsoft SDKs\Windows\v7.0A\bin\rc.exe /nologo /fo"x64\Debug\LSystemMaya.dll.embed.manifest.res" x64\Debug\LSystemMaya_manifest.rc 
     1>C:\Program Files (x86)\MSBuild\Microsoft.Cpp\v4.0\Microsoft.CppBuild.targets(990,5): warning MSB8012: TargetPath(H:\Atomos_mymaya\Atomos_maya\x64\Debug\LSystemMaya.dll) does not match the Linker's OutputFile property value (H:\Atomos_mymaya\Atomos_maya\LSystemd.mll). This may cause your project to build incorrectly. To correct this, please make sure that $(OutDir), $(TargetName) and $(TargetExt) property values match the value specified in %(Link.OutputFile).
     1>C:\Program Files (x86)\MSBuild\Microsoft.Cpp\v4.0\Microsoft.CppBuild.targets(991,5): warning MSB8012: TargetExt(.dll) does not match the Linker's OutputFile property value (.mll). This may cause your project to build incorrectly. To correct this, please make sure that $(OutDir), $(TargetName) and $(TargetExt) property values match the value specified in %(Link.OutputFile).
     1>C:\Program Files (x86)\MSBuild\Microsoft.Cpp\v4.0\Microsoft.CppBuild.targets(992,5): warning MSB8012: TargetName(LSystemMaya) does not match the Linker's OutputFile property value (LSystemd). This may cause your project to build incorrectly. To correct this, please make sure that $(OutDir), $(TargetName) and $(TargetExt) property values match the value specified in %(Link.OutputFile).
       Link:
         c:\Program Files (x86)\Microsoft Visual Studio 10.0\VC\bin\x86_amd64\link.exe /ERRORREPORT:PROMPT /OUT:".\LSystemd.mll" /INCREMENTAL /NOLOGO /LIBPATH:"C:\Program Files\Autodesk\Maya2012\lib" odbc32.lib odbccp32.lib OpenMaya.lib OpenMayaRender.lib Foundation.lib kernel32.lib user32.lib gdi32.lib winspool.lib comdlg32.lib advapi32.lib shell32.lib ole32.lib oleaut32.lib uuid.lib odbc32.lib odbccp32.lib /MANIFEST /ManifestFile:"x64\Debug\LSystemMaya.dll.intermediate.manifest" /MANIFESTUAC:"level='asInvoker' uiAccess='false'" /DEBUG /PDB:".\Debug/MyPlugin.pdb" /SUBSYSTEM:WINDOWS /TLBID:1 /DYNAMICBASE /NXCOMPAT /IMPLIB:".\Debug/MyPlugin.lib" /MACHINE:X64 /DLL x64\Debug\LSystemMaya.dll.embed.manifest.res
         .Debug/cylinder.obj
         .Debug/LSsystemNode.obj
         .Debug/LSystem.obj
         .Debug/LSystemCmd.obj
         .Debug/PluginMain.obj
         .Debug/vec.obj /export:initializePlugin /export:uninitializePlugin  
         MyPlugin.vcxproj -> H:\Atomos_mymaya\Atomos_maya\x64\Debug\LSystemMaya.dll
       Manifest:
         C:\Program Files (x86)\Microsoft SDKs\Windows\v7.0A\bin\mt.exe /nologo /verbose /out:"x64\Debug\LSystemMaya.dll.embed.manifest" /manifest x64\Debug\LSystemMaya.dll.intermediate.manifest
         All outputs are up-to-date.
       LinkEmbedManifest:
         All outputs are up-to-date.
         MyPlugin.vcxproj -> H:\Atomos_mymaya\Atomos_maya\x64\Debug\LSystemMaya.dll
       FinalizeBuildStatus:
         Deleting file "x64\Debug\LSystemMaya.unsuccessfulbuild".
         Touching "x64\Debug\LSystemMaya.lastbuildstate".
     1>Done Building Project "H:\Atomos_mymaya\Atomos_maya\MyPlugin.vcxproj" (build target(s)).

Build succeeded.

Time Elapsed 00:00:26.83
