.\bin\LSystem.pdb
D:\WinDocs\UPenn\Courses\CIS660\2012\MayaPluginHw2\.\bin\LSystem.exe
D:\WINDOCS\UPENN\COURSES\CIS660\2012\MAYAPLUGINHW2\BIN\LSYSTEM.EXE
D:\WINDOCS\UPENN\COURSES\CIS660\2012\MAYAPLUGINHW2\BIN\LSYSTEM.PDB
D:\WinDocs\UPenn\Courses\CIS660\2012\MayaPluginHw2\Release\cl.command.1.tlog
D:\WinDocs\UPenn\Courses\CIS660\2012\MayaPluginHw2\Release\CL.read.1.tlog
D:\WinDocs\UPenn\Courses\CIS660\2012\MayaPluginHw2\Release\CL.write.1.tlog
D:\WinDocs\UPenn\Courses\CIS660\2012\MayaPluginHw2\Release\cylinder.obj
D:\WinDocs\UPenn\Courses\CIS660\2012\MayaPluginHw2\Release\link.command.1.tlog
D:\WinDocs\UPenn\Courses\CIS660\2012\MayaPluginHw2\Release\link.read.1.tlog
D:\WinDocs\UPenn\Courses\CIS660\2012\MayaPluginHw2\Release\link.write.1.tlog
D:\WINDOCS\UPENN\COURSES\CIS660\2012\MAYAPLUGINHW2\RELEASE\LSYSTEM.EXE.INTERMEDIATE.MANIFEST
D:\WINDOCS\UPENN\COURSES\CIS660\2012\MAYAPLUGINHW2\RELEASE\LSYSTEM.OBJ
D:\WinDocs\UPenn\Courses\CIS660\2012\MayaPluginHw2\Release\LSystemCmd.obj
D:\WINDOCS\UPENN\COURSES\CIS660\2012\MAYAPLUGINHW2\RELEASE\MAIN.OBJ
D:\WinDocs\UPenn\Courses\CIS660\2012\MayaPluginHw2\Release\mt.command.1.tlog
D:\WinDocs\UPenn\Courses\CIS660\2012\MayaPluginHw2\Release\mt.read.1.tlog
D:\WinDocs\UPenn\Courses\CIS660\2012\MayaPluginHw2\Release\mt.write.1.tlog
D:\WinDocs\UPenn\Courses\CIS660\2012\MayaPluginHw2\Release\MyPlugin.exp
D:\WinDocs\UPenn\Courses\CIS660\2012\MayaPluginHw2\Release\myplugin.pdb
D:\WinDocs\UPenn\Courses\CIS660\2012\MayaPluginHw2\Release\PluginMain.obj
D:\WINDOCS\UPENN\COURSES\CIS660\2012\MAYAPLUGINHW2\RELEASE\VC100.PDB
D:\WINDOCS\UPENN\COURSES\CIS660\2012\MAYAPLUGINHW2\RELEASE\VEC.OBJ
