Build started 1/18/2012 4:51:30 PM.
     1>Project "D:\WinDocs\UPenn\Courses\CIS660\2012\MayaPluginHw2\MyExe.vcxproj" on node 2 (rebuild target(s)).
     1>_PrepareForClean:
         Deleting file "Release\LSystem.lastbuildstate".
       InitializeBuildStatus:
         Creating "Release\LSystem.unsuccessfulbuild" because "AlwaysCreate" was specified.
       ClCompile:
         c:\Program Files (x86)\Microsoft Visual Studio 10.0\VC\bin\x86_amd64\CL.exe /c /I. /I"C:\Program Files\Autodesk\Maya2012\include" /Zi /nologo /W3 /WX- /O2 /D WIN32 /D NDEBUG /D _CONSOLE /D _VC80_UPGRADE=0x0710 /D _MBCS /Gm- /EHsc /MD /GS /fp:precise /Zc:wchar_t /Zc:forScope /Fo"Release\\" /Fd"Release\vc100.pdb" /Gd /TP /errorReport:prompt LSystem.cpp main.cpp vec.cpp
         LSystem.cpp
     1>LSystem.cpp(52): warning C4267: 'initializing' : conversion from 'size_t' to 'unsigned int', possible loss of data
         main.cpp
         vec.cpp
         Generating Code...
       Link:
         c:\Program Files (x86)\Microsoft Visual Studio 10.0\VC\bin\x86_amd64\link.exe /ERRORREPORT:PROMPT /OUT:".\bin\LSystem.exe" /INCREMENTAL:NO /NOLOGO /LIBPATH:. /LIBPATH:"C:\Program Files\Autodesk\Maya2012\lib" kernel32.lib user32.lib gdi32.lib winspool.lib comdlg32.lib advapi32.lib shell32.lib ole32.lib oleaut32.lib uuid.lib odbc32.lib odbccp32.lib /MANIFEST /ManifestFile:"Release\LSystem.exe.intermediate.manifest" /MANIFESTUAC:"level='asInvoker' uiAccess='false'" /DEBUG /PDB:"D:\WinDocs\UPenn\Courses\CIS660\2012\MayaPluginHw2\bin\LSystem.pdb" /SUBSYSTEM:CONSOLE /OPT:REF /OPT:ICF /TLBID:1 /DYNAMICBASE /NXCOMPAT /IMPLIB:".\bin\LSystem.lib" /MACHINE:X64 Release\LSystem.obj
         Release\main.obj
         Release\vec.obj
         MyExe.vcxproj -> D:\WinDocs\UPenn\Courses\CIS660\2012\MayaPluginHw2\.\bin\LSystem.exe
       Manifest:
         C:\Program Files (x86)\Microsoft SDKs\Windows\v7.0A\bin\mt.exe /nologo /verbose /outputresource:".\bin\LSystem.exe;#1" /manifest Release\LSystem.exe.intermediate.manifest
       FinalizeBuildStatus:
         Deleting file "Release\LSystem.unsuccessfulbuild".
         Touching "Release\LSystem.lastbuildstate".
     1>Done Building Project "D:\WinDocs\UPenn\Courses\CIS660\2012\MayaPluginHw2\MyExe.vcxproj" (rebuild target(s)).

Build succeeded.

Time Elapsed 00:00:02.29
